# JRE version: OpenJDK Runtime Environment Homebrew (17.0.14) (build 17.0.14+0)
# Java VM: OpenJDK 64-Bit Server VM Homebrew (17.0.14+0, mixed mode, sharing, tiered, compressed oops, compressed class ptrs, g1 gc, bsd-amd64)
GC Precious Log:
 CPUs: 4 total, 4 available
 Memory: 8192M
 Large Page Support: Disabled
 NUMA Support: Disabled
 Compressed Oops: Enabled (Zero based)
 Heap Region Size: 1M
 Heap Min Capacity: 8M
 Heap Initial Capacity: 128M
 Heap Max Capacity: 1G
 Pre-touch: Disabled
 Parallel Workers: 4
 Concurrent Workers: 1
 Concurrent Refinement Workers: 4
 Periodic GC: Disabled
Heap:
 garbage-first heap   total 276480K, used 80517K [0x00000007c0000000, 0x0000000800000000)
  region size 1024K, 2 young (2048K), 0 survivors (0K)
 Metaspace       used 10254K, committed 10432K, reserved 1114112K
  class space    used 1509K, committed 1600K, reserved 1048576K
GC Heap History (20 events):
Event: 0.495 GC heap before
{Heap before GC invocations=1 (full 0):
 garbage-first heap   total 133120K, used 19637K [0x00000007c0000000, 0x0000000800000000)
  region size 1024K, 18 young (18432K), 2 survivors (2048K)
 Metaspace       used 2256K, committed 2368K, reserved 1114112K
  class space    used 204K, committed 256K, reserved 1048576K
}
Event: 0.501 GC heap after
{Heap after GC invocations=2 (full 0):
 garbage-first heap   total 133120K, used 5501K [0x00000007c0000000, 0x0000000800000000)
  region size 1024K, 3 young (3072K), 3 survivors (3072K)
 Metaspace       used 2256K, committed 2368K, reserved 1114112K
  class space    used 204K, committed 256K, reserved 1048576K
}
Event: 1.416 GC heap before
{Heap before GC invocations=2 (full 0):
 garbage-first heap   total 133120K, used 52605K [0x00000007c0000000, 0x0000000800000000)
  region size 1024K, 43 young (44032K), 3 survivors (3072K)
 Metaspace       used 7548K, committed 7744K, reserved 1114112K
  class space    used 1093K, committed 1216K, reserved 1048576K
}
Event: 1.442 GC heap after
{Heap after GC invocations=3 (full 0):
 garbage-first heap   total 133120K, used 18672K [0x00000007c0000000, 0x0000000800000000)
  region size 1024K, 6 young (6144K), 6 survivors (6144K)
 Metaspace       used 7548K, committed 7744K, reserved 1114112K
  class space    used 1093K, committed 1216K, reserved 1048576K
}
Event: 1.696 GC heap before
{Heap before GC invocations=3 (full 0):
 garbage-first heap   total 133120K, used 49392K [0x00000007c0000000, 0x0000000800000000)
  region size 1024K, 36 young (36864K), 6 survivors (6144K)
 Metaspace       used 8055K, committed 8256K, reserved 1114112K
  class space    used 1163K, committed 1280K, reserved 1048576K
}
Event: 1.730 GC heap after
{Heap after GC invocations=4 (full 0):
 garbage-first heap   total 133120K, used 22884K [0x00000007c0000000, 0x0000000800000000)
  region size 1024K, 4 young (4096K), 4 survivors (4096K)
 Metaspace       used 8055K, committed 8256K, reserved 1114112K
  class space    used 1163K, committed 1280K, reserved 1048576K
}
Event: 1.869 GC heap before
{Heap before GC invocations=4 (full 0):
 garbage-first heap   total 133120K, used 53604K [0x00000007c0000000, 0x0000000800000000)
  region size 1024K, 34 young (34816K), 4 survivors (4096K)
 Metaspace       used 8060K, committed 8256K, reserved 1114112K
  class space    used 1164K, committed 1280K, reserved 1048576K
}
Event: 1.886 GC heap after
{Heap after GC invocations=5 (full 0):
 garbage-first heap   total 133120K, used 25756K [0x00000007c0000000, 0x0000000800000000)
  region size 1024K, 4 young (4096K), 4 survivors (4096K)
 Metaspace       used 8060K, committed 8256K, reserved 1114112K
  class space    used 1164K, committed 1280K, reserved 1048576K
}
Event: 2.239 GC heap before
{Heap before GC invocations=5 (full 0):
 garbage-first heap   total 133120K, used 92316K [0x00000007c0000000, 0x0000000800000000)
  region size 1024K, 67 young (68608K), 4 survivors (4096K)
 Metaspace       used 8224K, committed 8448K, reserved 1114112K
  class space    used 1216K, committed 1344K, reserved 1048576K
}
Event: 2.261 GC heap after
{Heap after GC invocations=6 (full 0):
 garbage-first heap   total 253952K, used 34720K [0x00000007c0000000, 0x0000000800000000)
  region size 1024K, 9 young (9216K), 9 survivors (9216K)
 Metaspace       used 8224K, committed 8448K, reserved 1114112K
  class space    used 1216K, committed 1344K, reserved 1048576K
}
Event: 2.865 GC heap before
{Heap before GC invocations=6 (full 0):
 garbage-first heap   total 253952K, used 177056K [0x00000007c0000000, 0x0000000800000000)
  region size 1024K, 137 young (140288K), 9 survivors (9216K)
 Metaspace       used 8232K, committed 8448K, reserved 1114112K
  class space    used 1216K, committed 1344K, reserved 1048576K
}
Event: 2.891 GC heap after
{Heap after GC invocations=7 (full 0):
 garbage-first heap   total 253952K, used 54176K [0x00000007c0000000, 0x0000000800000000)
  region size 1024K, 16 young (16384K), 16 survivors (16384K)
 Metaspace       used 8232K, committed 8448K, reserved 1114112K
  class space    used 1216K, committed 1344K, reserved 1048576K
}
Event: 3.789 GC heap before
{Heap before GC invocations=7 (full 0):
 garbage-first heap   total 253952K, used 190368K [0x00000007c0000000, 0x0000000800000000)
  region size 1024K, 148 young (151552K), 16 survivors (16384K)
 Metaspace       used 9892K, committed 10112K, reserved 1114112K
  class space    used 1443K, committed 1536K, reserved 1048576K
}
Event: 3.831 GC heap after
{Heap after GC invocations=8 (full 0):
 garbage-first heap   total 253952K, used 70023K [0x00000007c0000000, 0x0000000800000000)
  region size 1024K, 19 young (19456K), 19 survivors (19456K)
 Metaspace       used 9892K, committed 10112K, reserved 1114112K
  class space    used 1443K, committed 1536K, reserved 1048576K
}
Event: 4.064 GC heap before
{Heap before GC invocations=8 (full 0):
 garbage-first heap   total 253952K, used 195975K [0x00000007c0000000, 0x0000000800000000)
  region size 1024K, 142 young (145408K), 19 survivors (19456K)
 Metaspace       used 9977K, committed 10240K, reserved 1114112K
  class space    used 1476K, committed 1600K, reserved 1048576K
}
Event: 4.099 GC heap after
{Heap after GC invocations=9 (full 0):
 garbage-first heap   total 253952K, used 81687K [0x00000007c0000000, 0x0000000800000000)
  region size 1024K, 12 young (12288K), 12 survivors (12288K)
 Metaspace       used 9977K, committed 10240K, reserved 1114112K
  class space    used 1476K, committed 1600K, reserved 1048576K
}
Event: 4.231 GC heap before
{Heap before GC invocations=9 (full 0):
 garbage-first heap   total 253952K, used 197399K [0x00000007c0000000, 0x0000000800000000)
  region size 1024K, 125 young (128000K), 12 survivors (12288K)
 Metaspace       used 9979K, committed 10240K, reserved 1114112K
  class space    used 1476K, committed 1600K, reserved 1048576K
}
Event: 4.259 GC heap after
{Heap after GC invocations=10 (full 0):
 garbage-first heap   total 319488K, used 95648K [0x00000007c0000000, 0x0000000800000000)
  region size 1024K, 14 young (14336K), 14 survivors (14336K)
 Metaspace       used 9979K, committed 10240K, reserved 1114112K
  class space    used 1476K, committed 1600K, reserved 1048576K
}
Event: 4.544 GC heap before
{Heap before GC invocations=10 (full 0):
 garbage-first heap   total 319488K, used 183712K [0x00000007c0000000, 0x0000000800000000)
  region size 1024K, 101 young (103424K), 14 survivors (14336K)
 Metaspace       used 10253K, committed 10432K, reserved 1114112K
  class space    used 1509K, committed 1600K, reserved 1048576K
}
Event: 4.764 GC heap after
{Heap after GC invocations=11 (full 1):
 garbage-first heap   total 276480K, used 79493K [0x00000007c0000000, 0x0000000800000000)
  region size 1024K, 0 young (0K), 0 survivors (0K)
 Metaspace       used 10253K, committed 10432K, reserved 1114112K
  class space    used 1509K, committed 1600K, reserved 1048576K
}

